<?xml version="1.0" encoding="UTF-8"?>
<!-- Generated by org.testng.reporters.JUnitReportReporter -->
<testsuite hostname="DESKTOP-VC9EE72" failures="0" tests="1" name="com.opencart.testcases.AddToCartPageTest" time="14.367" errors="0" timestamp="2023-09-25T12:09:21 EDT" skipped="0">
  <testcase classname="com.opencart.testcases.AddToCartPageTest" name="verifyAddingProductToCartFromProductDisplayPage" time="14.367"/>
</testsuite> <!-- com.opencart.testcases.AddToCartPageTest -->
