<?xml version="1.0" encoding="UTF-8"?>
<!-- Generated by org.testng.reporters.JUnitReportReporter -->
<testsuite hostname="DESKTOP-VC9EE72" failures="0" tests="1" name="com.opencart.testcases.LoginTest" time="12.069" errors="0" timestamp="2023-10-09T13:43:07 EDT" skipped="0">
  <testcase classname="com.opencart.testcases.LoginTest" name="verifyLoginInWithValidEmailAndInvalidPassword" time="12.069"/>
</testsuite> <!-- com.opencart.testcases.LoginTest -->
