<?xml version="1.0" encoding="UTF-8"?>
<!-- Generated by org.testng.reporters.JUnitReportReporter -->
<testsuite hostname="DESKTOP-VC9EE72" failures="0" tests="1" name="com.opencart.testcases.HomePageTest" time="1.308" errors="0" timestamp="2023-09-16T09:13:48 EDT" skipped="0">
  <testcase classname="com.opencart.testcases.HomePageTest" name="goToLoginPageTest" time="1.308"/>
</testsuite> <!-- com.opencart.testcases.HomePageTest -->
