<?xml version="1.0" encoding="UTF-8"?>
<!-- Generated by org.testng.reporters.JUnitReportReporter -->
<testsuite hostname="DESKTOP-VC9EE72" failures="0" tests="1" name="com.opencart.testcases.RegisterTest" time="24.010" errors="0" timestamp="2023-10-09T13:38:41 EDT" skipped="0">
  <testcase classname="com.opencart.testcases.RegisterTest" name="verifyRegisteringAnAccountWithMandatoryFields" time="24.010"/>
</testsuite> <!-- com.opencart.testcases.RegisterTest -->
