<?xml version="1.0" encoding="UTF-8"?>
<!-- Generated by org.testng.reporters.JUnitReportReporter -->
<testsuite hostname="DESKTOP-VC9EE72" failures="0" tests="1" name="com.opencart.testcases.ProductDisplayPageTest" time="11.114" errors="0" timestamp="2023-09-20T10:44:18 EDT" skipped="0">
  <testcase classname="com.opencart.testcases.ProductDisplayPageTest" name="verifyProductAvailibilityStatusTest" time="11.114"/>
</testsuite> <!-- com.opencart.testcases.ProductDisplayPageTest -->
