<?xml version="1.0" encoding="UTF-8"?>
<!-- Generated by org.testng.reporters.JUnitReportReporter -->
<testsuite hostname="DESKTOP-VC9EE72" failures="0" tests="3" name="com.opencart.testcases.AddToCartTest" time="39.016" errors="0" timestamp="2023-09-26T14:05:05 EDT" skipped="0">
  <testcase classname="com.opencart.testcases.AddToCartTest" name="verifyAddingProductToCartFromSearchResultsPage" time="10.450"/>
  <testcase classname="com.opencart.testcases.AddToCartTest" name="verifyAddingProductFromFeaturedSectionOfHomePage" time="16.586"/>
  <testcase classname="com.opencart.testcases.AddToCartTest" name="verifyAddingProductToCartFromProductDisplayPage" time="11.980"/>
</testsuite> <!-- com.opencart.testcases.AddToCartTest -->
