<?xml version="1.0" encoding="UTF-8"?>
<!-- Generated by org.testng.reporters.JUnitReportReporter -->
<testsuite hostname="DESKTOP-VC9EE72" failures="0" tests="3" name="com.opencart.testcases.SearchPageTest" time="31.376" errors="0" timestamp="2023-09-13T20:02:50 EDT" skipped="0">
  <testcase classname="com.opencart.testcases.SearchPageTest" name="verifySearchWithoutTypingAnyProduct" time="7.786"/>
  <testcase classname="com.opencart.testcases.SearchPageTest" name="verifySearchWithValidProduct" time="10.143"/>
  <testcase classname="com.opencart.testcases.SearchPageTest" name="verifySearchWithinvalidProduct" time="13.447"/>
</testsuite> <!-- com.opencart.testcases.SearchPageTest -->
